[debug] [2022-04-25T03:52:25.554Z] ----------------------------------------------------------------------
[debug] [2022-04-25T03:52:25.556Z] Command:       C:\Program Files\nodejs\node.exe C:\Users\bhara\AppData\Roaming\npm\node_modules\firebase-tools\lib\bin\firebase.js init
[debug] [2022-04-25T03:52:25.556Z] CLI Version:   10.7.1
[debug] [2022-04-25T03:52:25.556Z] Platform:      win32
[debug] [2022-04-25T03:52:25.556Z] Node Version:  v16.14.2
[debug] [2022-04-25T03:52:25.557Z] Time:          Mon Apr 25 2022 09:22:25 GMT+0530 (India Standard Time)
[debug] [2022-04-25T03:52:25.557Z] ----------------------------------------------------------------------
[debug] 
[debug] [2022-04-25T03:52:25.562Z] > command requires scopes: ["email","openid","https://www.googleapis.com/auth/cloudplatformprojects.readonly","https://www.googleapis.com/auth/firebase","https://www.googleapis.com/auth/cloud-platform"]
[debug] [2022-04-25T03:52:25.563Z] > authorizing via signed-in user (bharathyes.in@gmail.com)
[info] 
     ######## #### ########  ######## ########     ###     ######  ########
     ##        ##  ##     ## ##       ##     ##  ##   ##  ##       ##
     ######    ##  ########  ######   ########  #########  ######  ######
     ##        ##  ##    ##  ##       ##     ## ##     ##       ## ##
     ##       #### ##     ## ######## ########  ##     ##  ######  ########

You're about to initialize a Firebase project in this directory:

  C:\Users\bhara\src\git-repo\D100

[info] 
=== Project Setup
[info] 
[info] First, let's associate this project directory with a Firebase project.
[info] You can create multiple project aliases by running firebase use --add, 
[info] but for now we'll just set up a default project.
[info] 
[debug] [2022-04-25T03:52:57.402Z] >>> [apiv2][query] GET https://firebase.googleapis.com/v1beta1/projects pageSize=100
[debug] [2022-04-25T03:52:58.027Z] <<< [apiv2][status] GET https://firebase.googleapis.com/v1beta1/projects 200
[debug] [2022-04-25T03:52:58.027Z] <<< [apiv2][body] GET https://firebase.googleapis.com/v1beta1/projects [omitted]
[info] i  Using project resume-28e17 (resume) 
[info] 
=== Hosting Setup
[info] 
[info] Your public directory is the folder (relative to your project directory) that
[info] will contain Hosting assets to be uploaded with firebase deploy. If you
[info] have a build process for your assets, use your build's output directory.
[info] 
